{"name": "Заказ без авторизации", "status": "failed", "statusDetails": {"message": "AssertionError: assert 200 == 400\n +  where 200 = <Response [200]>.status_code", "trace": "self = <Diplom_2.tests.test_order.TestCreateOrder object at 0x000001CC8423EBA0>, user = <api.stellar_burger_api.User object at 0x000001CC842C0380>\n\n    @allure.title('Заказ без авторизации')\n    @allure.description('Создание заказа без авторизации')\n    def test_create_order_with_no_auth_failure(self, user):\n        response = user.create_order(User().assemble_random_ingredients())\n>       assert response.status_code == 400\nE       assert 200 == 400\nE        +  where 200 = <Response [200]>.status_code\n\ntests\\test_order.py:26: AssertionError"}, "description": "Создание заказа без авторизации", "steps": [{"name": "Создание заказа: POST /api/orders", "status": "passed", "parameters": [{"name": "order", "value": "{'ingredients': ['61c0c5a71d1f82001bdaaa75', '61c0c5a71d1f82001bdaaa73', '61c0c5a71d1f82001bdaaa6f']}"}], "start": 1719860623350, "stop": 1719860623742}], "start": 1719860622871, "stop": 1719860623743, "uuid": "7c31cf44-6f0f-4b0c-b1ef-dc24e71a6458", "historyId": "51cd18ab401821300b89a8dee7ebceff", "testCaseId": "51cd18ab401821300b89a8dee7ebceff", "fullName": "tests.test_order.TestCreateOrder#test_create_order_with_no_auth_failure", "labels": [{"name": "feature", "value": "Создание заказов"}, {"name": "parentSuite", "value": "tests"}, {"name": "suite", "value": "test_order"}, {"name": "subSuite", "value": "TestCreateOrder"}, {"name": "host", "value": "NB-4179"}, {"name": "thread", "value": "11668-MainThread"}, {"name": "framework", "value": "pytest"}, {"name": "language", "value": "cpython3"}, {"name": "package", "value": "tests.test_order"}]}